<?xml version="1.0"?>
<testsuite name="Chrome Headless 123.0.6312.122 (Windows 10)" package="" timestamp="2024-04-21T12:54:55" id="0" hostname="SidHome" tests="6" errors="0" failures="0" time="0.23">
  <properties>
    <property name="browser.fullName" value="Mozilla/5.0 (Windows NT 10.0; Win64; x64) AppleWebKit/537.36 (KHTML, like Gecko) HeadlessChrome/123.0.6312.122 Safari/537.36"/>
  </properties>
  <testcase name="CaregiversApiService should be created" time="0.01" classname="CaregiversApiService"/>
  <testcase name="AppComponent should render title" time="0.093" classname="AppComponent"/>
  <testcase name="AppComponent should create the app" time="0.011" classname="AppComponent"/>
  <testcase name="AppComponent should have the 'front' title" time="0.01" classname="AppComponent"/>
  <testcase name="CreateCaregiverComponent should have select options upon component creation" time="0.091" classname="CreateCaregiverComponent"/>
  <testcase name="CreateCaregiverComponent should be created" time="0.015" classname="CreateCaregiverComponent"/>
  <system-out>
    <![CDATA[
]]>
  </system-out>
  <system-err/>
</testsuite>